Determining if the pthread_create exist failed with the following output:
Change Dir: /home/chenjuan/mnemosyne/mnemosyne-gcc/usermode/library/pmalloc/include/alps/build/CMakeFiles/CMakeTmp

Run Build Command:"/usr/bin/gmake" "cmTC_36ebc/fast"
/usr/bin/gmake -f CMakeFiles/cmTC_36ebc.dir/build.make CMakeFiles/cmTC_36ebc.dir/build
gmake[1]: Entering directory '/home/chenjuan/mnemosyne/mnemosyne-gcc/usermode/library/pmalloc/include/alps/build/CMakeFiles/CMakeTmp'
Building C object CMakeFiles/cmTC_36ebc.dir/CheckSymbolExists.c.o
/usr/bin/cc    -fPIE   -o CMakeFiles/cmTC_36ebc.dir/CheckSymbolExists.c.o   -c /home/chenjuan/mnemosyne/mnemosyne-gcc/usermode/library/pmalloc/include/alps/build/CMakeFiles/CMakeTmp/CheckSymbolExists.c
Linking C executable cmTC_36ebc
/usr/bin/cmake -E cmake_link_script CMakeFiles/cmTC_36ebc.dir/link.txt --verbose=1
/usr/bin/cc       CMakeFiles/cmTC_36ebc.dir/CheckSymbolExists.c.o  -o cmTC_36ebc -rdynamic 
CMakeFiles/cmTC_36ebc.dir/CheckSymbolExists.c.o: In function `main':
CheckSymbolExists.c:(.text+0x1b): undefined reference to `pthread_create'
collect2: error: ld returned 1 exit status
CMakeFiles/cmTC_36ebc.dir/build.make:97: recipe for target 'cmTC_36ebc' failed
gmake[1]: Leaving directory '/home/chenjuan/mnemosyne/mnemosyne-gcc/usermode/library/pmalloc/include/alps/build/CMakeFiles/CMakeTmp'
gmake[1]: *** [cmTC_36ebc] Error 1
Makefile:126: recipe for target 'cmTC_36ebc/fast' failed
gmake: *** [cmTC_36ebc/fast] Error 2

File /home/chenjuan/mnemosyne/mnemosyne-gcc/usermode/library/pmalloc/include/alps/build/CMakeFiles/CMakeTmp/CheckSymbolExists.c:
/* */
#include <pthread.h>

int main(int argc, char** argv)
{
  (void)argv;
#ifndef pthread_create
  return ((int*)(&pthread_create))[argc];
#else
  (void)argc;
  return 0;
#endif
}

Determining if the function pthread_create exists in the pthreads failed with the following output:
Change Dir: /home/chenjuan/mnemosyne/mnemosyne-gcc/usermode/library/pmalloc/include/alps/build/CMakeFiles/CMakeTmp

Run Build Command:"/usr/bin/gmake" "cmTC_ccee8/fast"
/usr/bin/gmake -f CMakeFiles/cmTC_ccee8.dir/build.make CMakeFiles/cmTC_ccee8.dir/build
gmake[1]: Entering directory '/home/chenjuan/mnemosyne/mnemosyne-gcc/usermode/library/pmalloc/include/alps/build/CMakeFiles/CMakeTmp'
Building C object CMakeFiles/cmTC_ccee8.dir/CheckFunctionExists.c.o
/usr/bin/cc    -DCHECK_FUNCTION_EXISTS=pthread_create -fPIE   -o CMakeFiles/cmTC_ccee8.dir/CheckFunctionExists.c.o   -c /usr/share/cmake/Modules/CheckFunctionExists.c
Linking C executable cmTC_ccee8
/usr/bin/cmake -E cmake_link_script CMakeFiles/cmTC_ccee8.dir/link.txt --verbose=1
/usr/bin/cc   -DCHECK_FUNCTION_EXISTS=pthread_create    CMakeFiles/cmTC_ccee8.dir/CheckFunctionExists.c.o  -o cmTC_ccee8 -rdynamic -lpthreads 
/usr/bin/ld: cannot find -lpthreads
collect2: error: ld returned 1 exit status
CMakeFiles/cmTC_ccee8.dir/build.make:97: recipe for target 'cmTC_ccee8' failed
gmake[1]: *** [cmTC_ccee8] Error 1
gmake[1]: Leaving directory '/home/chenjuan/mnemosyne/mnemosyne-gcc/usermode/library/pmalloc/include/alps/build/CMakeFiles/CMakeTmp'
Makefile:126: recipe for target 'cmTC_ccee8/fast' failed
gmake: *** [cmTC_ccee8/fast] Error 2


Determining if the function getexecname exists failed with the following output:
Change Dir: /home/chenjuan/mnemosyne/mnemosyne-gcc/usermode/library/pmalloc/include/alps/build/CMakeFiles/CMakeTmp

Run Build Command:"/usr/bin/gmake" "cmTC_c7db6/fast"
/usr/bin/gmake -f CMakeFiles/cmTC_c7db6.dir/build.make CMakeFiles/cmTC_c7db6.dir/build
gmake[1]: Entering directory '/home/chenjuan/mnemosyne/mnemosyne-gcc/usermode/library/pmalloc/include/alps/build/CMakeFiles/CMakeTmp'
Building C object CMakeFiles/cmTC_c7db6.dir/CheckFunctionExists.c.o
/usr/bin/cc  -D_GNU_SOURCE  -DCHECK_FUNCTION_EXISTS=getexecname -fPIE   -o CMakeFiles/cmTC_c7db6.dir/CheckFunctionExists.c.o   -c /usr/share/cmake/Modules/CheckFunctionExists.c
Linking C executable cmTC_c7db6
/usr/bin/cmake -E cmake_link_script CMakeFiles/cmTC_c7db6.dir/link.txt --verbose=1
/usr/bin/cc   -DCHECK_FUNCTION_EXISTS=getexecname    CMakeFiles/cmTC_c7db6.dir/CheckFunctionExists.c.o  -o cmTC_c7db6 -rdynamic 
CMakeFiles/cmTC_c7db6.dir/CheckFunctionExists.c.o: In function `main':
CheckFunctionExists.c:(.text+0x15): undefined reference to `getexecname'
collect2: error: ld returned 1 exit status
CMakeFiles/cmTC_c7db6.dir/build.make:97: recipe for target 'cmTC_c7db6' failed
gmake[1]: *** [cmTC_c7db6] Error 1
gmake[1]: Leaving directory '/home/chenjuan/mnemosyne/mnemosyne-gcc/usermode/library/pmalloc/include/alps/build/CMakeFiles/CMakeTmp'
Makefile:126: recipe for target 'cmTC_c7db6/fast' failed
gmake: *** [cmTC_c7db6/fast] Error 2


Determining if the include file dwarf.h exists failed with the following output:
Change Dir: /home/chenjuan/mnemosyne/mnemosyne-gcc/usermode/library/pmalloc/include/alps/build/CMakeFiles/CMakeTmp

Run Build Command:"/usr/bin/gmake" "cmTC_4f250/fast"
/usr/bin/gmake -f CMakeFiles/cmTC_4f250.dir/build.make CMakeFiles/cmTC_4f250.dir/build
gmake[1]: Entering directory '/home/chenjuan/mnemosyne/mnemosyne-gcc/usermode/library/pmalloc/include/alps/build/CMakeFiles/CMakeTmp'
Building C object CMakeFiles/cmTC_4f250.dir/CheckIncludeFile.c.o
/usr/bin/cc  -D_GNU_SOURCE  -fPIE   -o CMakeFiles/cmTC_4f250.dir/CheckIncludeFile.c.o   -c /home/chenjuan/mnemosyne/mnemosyne-gcc/usermode/library/pmalloc/include/alps/build/CMakeFiles/CMakeTmp/CheckIncludeFile.c
/home/chenjuan/mnemosyne/mnemosyne-gcc/usermode/library/pmalloc/include/alps/build/CMakeFiles/CMakeTmp/CheckIncludeFile.c:1:19: fatal error: dwarf.h: No such file or directory
compilation terminated.
CMakeFiles/cmTC_4f250.dir/build.make:65: recipe for target 'CMakeFiles/cmTC_4f250.dir/CheckIncludeFile.c.o' failed
gmake[1]: *** [CMakeFiles/cmTC_4f250.dir/CheckIncludeFile.c.o] Error 1
gmake[1]: Leaving directory '/home/chenjuan/mnemosyne/mnemosyne-gcc/usermode/library/pmalloc/include/alps/build/CMakeFiles/CMakeTmp'
Makefile:126: recipe for target 'cmTC_4f250/fast' failed
gmake: *** [cmTC_4f250/fast] Error 2


Determining if the include file libdwarf/dwarf.h exists failed with the following output:
Change Dir: /home/chenjuan/mnemosyne/mnemosyne-gcc/usermode/library/pmalloc/include/alps/build/CMakeFiles/CMakeTmp

Run Build Command:"/usr/bin/gmake" "cmTC_7ff6a/fast"
/usr/bin/gmake -f CMakeFiles/cmTC_7ff6a.dir/build.make CMakeFiles/cmTC_7ff6a.dir/build
gmake[1]: Entering directory '/home/chenjuan/mnemosyne/mnemosyne-gcc/usermode/library/pmalloc/include/alps/build/CMakeFiles/CMakeTmp'
Building C object CMakeFiles/cmTC_7ff6a.dir/CheckIncludeFile.c.o
/usr/bin/cc  -D_GNU_SOURCE  -fPIE   -o CMakeFiles/cmTC_7ff6a.dir/CheckIncludeFile.c.o   -c /home/chenjuan/mnemosyne/mnemosyne-gcc/usermode/library/pmalloc/include/alps/build/CMakeFiles/CMakeTmp/CheckIncludeFile.c
/home/chenjuan/mnemosyne/mnemosyne-gcc/usermode/library/pmalloc/include/alps/build/CMakeFiles/CMakeTmp/CheckIncludeFile.c:1:28: fatal error: libdwarf/dwarf.h: No such file or directory
compilation terminated.
CMakeFiles/cmTC_7ff6a.dir/build.make:65: recipe for target 'CMakeFiles/cmTC_7ff6a.dir/CheckIncludeFile.c.o' failed
gmake[1]: *** [CMakeFiles/cmTC_7ff6a.dir/CheckIncludeFile.c.o] Error 1
gmake[1]: Leaving directory '/home/chenjuan/mnemosyne/mnemosyne-gcc/usermode/library/pmalloc/include/alps/build/CMakeFiles/CMakeTmp'
Makefile:126: recipe for target 'cmTC_7ff6a/fast' failed
gmake: *** [cmTC_7ff6a/fast] Error 2


